[INFO ] initialising from existing storage (/home/abhinav/ckg_f5/workspace/cpg.bin41/cpg.bin.tmp)
{
"wl_i0_BLOCK": 7,
"wl_i0_CALL": 16,
"wl_i0_CONTROL_STRUCTURE": 4,
"wl_i0_IDENTIFIER": 26,
"wl_i0_LITERAL": 6,
"wl_i0_LOCAL": 4,
"wl_i0_METHOD": 3,
"wl_i0_METHOD_PARAMETER_IN": 4,
"wl_i0_METHOD_PARAMETER_OUT": 4,
"wl_i0_METHOD_REF": 1,
"wl_i0_METHOD_RETURN": 3,
"wl_i0_RETURN": 4,
"wl_i1_0ff986ec707884c977cb16c4d15e5c8dc85627f4": 26,
"wl_i1_1494c5d2bb55793ae6b1d57e4a6426e529cb3a00": 2,
"wl_i1_3c0be73572bf25a17197d7069a8da9c7e32c3d31": 6,
"wl_i1_4f43f16c053e67e6645ede39838e0c508cac4309": 2,
"wl_i1_520270c551bfa9fd89793df0943de6e9301b6c54": 4,
"wl_i1_5b7b93e1f8a36c163114f7fdbc15d7b678b52f58": 4,
"wl_i1_6578aef8beae8df2cdfbcc6b35e4a09f1fe610c1": 2,
"wl_i1_67116ad87a243a6e8592ec8d8ed5f61f8bd47020": 2,
"wl_i1_8ba9b5ce45172e76d1b9adc995135fb5c184eeb6": 4,
"wl_i1_8d6cc18dad2a1917ae897c4ef00b0ffbdbc3b6e7": 3,
"wl_i1_a440cd859b0d9eaec91469a1bb6618b5b9535ae9": 2,
"wl_i1_a450e56fb8b1548b64a28ff4139a29d43a60393f": 1,
"wl_i1_ac0ac8b44dac53cd76f663a0af74bf891791d14a": 6,
"wl_i1_c602344352af99a79592226f8d42d15726aad87f": 4,
"wl_i1_c774a07ee6349e2f765162969d0b57f01d6dec40": 1,
"wl_i1_d357b0586315723d7683bdf9aed2cadb10e11c8c": 2,
"wl_i1_d57ff5ce12e7171a31601259f616d1e201060188": 2,
"wl_i1_e1be1bce8d6d3d0b5daaf20b5f864af4b701df1f": 2,
"wl_i1_e43832b65a034f5db6c2c3a6c64c7ecf06e19ec5": 6,
"wl_i1_f7d9c8cfe57fb74d304ae8f71ae7ebb543079af7": 1,
"wl_i2_197ae1b5f15a5ec1a4edd8ed4acb65956a46cbfc": 1,
"wl_i2_297e04d9f1c1be78bd927fad1050658da6269635": 2,
"wl_i2_3eefe80e09088bb7212d3ba97988e32ad6fe1635": 6,
"wl_i2_4064990f1674d3cfc2b7057902fdc8be61af42e6": 4,
"wl_i2_5a839af25c243d32ee168364aa9e6706fdca7a08": 2,
"wl_i2_5ab0fcb409e2fe4b88ecaf55cd03d023d63a9de6": 26,
"wl_i2_720c0b34324165bd3d2aecbe9f02f783e58b1f89": 2,
"wl_i2_845f03081520eaa0dd5e75e7a8ede2b400564da0": 4,
"wl_i2_86e538056d1d521e53e84c53c07df0a6858d9676": 3,
"wl_i2_8acdcf0abb41f387a4f59cfcaaa53666d0488233": 4,
"wl_i2_93bd73d868a44bfd4b12f2b44f2d3a3c7f954f69": 1,
"wl_i2_9b78e826e10392b2bd97e267fbf28dedad635d9a": 1,
"wl_i2_a047efeb171a754b828fbbc0d23668eef5e45cc2": 6,
"wl_i2_ae3bc9cf4de9044640591c216602a9643b20adcc": 4,
"wl_i2_bb0eee385e5896ee99f83c6715ef0dbf070512e7": 2,
"wl_i2_d3cdf8ba13be36effad8f0c41d83be0363068d91": 2,
"wl_i2_de9ed8aee948a36805118c42611a87cf118dbebb": 2,
"wl_i2_f392813447d299f8b47e78691db08b54b6636c29": 2,
"wl_i2_f4d8f23dd2528b7ee5331151941816e57eda97d5": 6,
"wl_i2_f55099eba15c08230e54cc87cae3b6bb98c899fd": 2
}
